{"/Users/narusas/work/hosts-manager/src/SystemHosts.js": {"path":"/Users/narusas/work/hosts-manager/src/SystemHosts.js","statementMap":{"0":{"start":{"line":1,"column":17},"end":{"line":5,"column":1}},"1":{"start":{"line":3,"column":4},"end":{"line":3,"column":15}}},"fnMap":{"0":{"name":"(anonymous_0)","decl":{"start":{"line":2,"column":2},"end":{"line":2,"column":3}},"loc":{"start":{"line":2,"column":12},"end":{"line":4,"column":3}},"line":2}},"branchMap":{},"s":{"0":1,"1":1},"f":{"0":1},"b":{},"_coverageSchema":"43e27e138ebf9cfc5966b082cf9a028302ed4184","hash":"15423497bbf010b5d12bb7307b41ab396a1f225a"}
,"/Users/narusas/work/hosts-manager/src-electron/main-process/electron-main.dev.js": {"path":"/Users/narusas/work/hosts-manager/src-electron/main-process/electron-main.dev.js","statementMap":{"0":{"start":{"line":13,"column":0},"end":{"line":13,"column":37}},"1":{"start":{"line":16,"column":0},"end":{"line":24,"column":2}},"2":{"start":{"line":17,"column":2},"end":{"line":23,"column":6}},"3":{"start":{"line":19,"column":6},"end":{"line":19,"column":49}},"4":{"start":{"line":22,"column":6},"end":{"line":22,"column":45}}},"fnMap":{"0":{"name":"(anonymous_0)","decl":{"start":{"line":16,"column":21},"end":{"line":16,"column":22}},"loc":{"start":{"line":16,"column":27},"end":{"line":24,"column":1}},"line":16},"1":{"name":"(anonymous_1)","decl":{"start":{"line":18,"column":10},"end":{"line":18,"column":11}},"loc":{"start":{"line":18,"column":17},"end":{"line":20,"column":5}},"line":18},"2":{"name":"(anonymous_2)","decl":{"start":{"line":21,"column":11},"end":{"line":21,"column":12}},"loc":{"start":{"line":21,"column":18},"end":{"line":23,"column":5}},"line":21}},"branchMap":{},"s":{"0":0,"1":0,"2":0,"3":0,"4":0},"f":{"0":0,"1":0,"2":0},"b":{},"hash":"29a1470adef77e283f910bcb22069e5f242c6511"}
,"/Users/narusas/work/hosts-manager/src-electron/main-process/electron-main.js": {"path":"/Users/narusas/work/hosts-manager/src-electron/main-process/electron-main.js","statementMap":{"0":{"start":{"line":3,"column":0},"end":{"line":7,"column":15}},"1":{"start":{"line":4,"column":2},"end":{"line":6,"column":3}},"2":{"start":{"line":5,"column":4},"end":{"line":5,"column":98}},"3":{"start":{"line":13,"column":0},"end":{"line":15,"column":1}},"4":{"start":{"line":14,"column":2},"end":{"line":14,"column":30}},"5":{"start":{"line":23,"column":2},"end":{"line":36,"column":4}},"6":{"start":{"line":38,"column":2},"end":{"line":38,"column":41}},"7":{"start":{"line":40,"column":2},"end":{"line":42,"column":4}},"8":{"start":{"line":41,"column":4},"end":{"line":41,"column":21}},"9":{"start":{"line":45,"column":0},"end":{"line":45,"column":29}},"10":{"start":{"line":47,"column":0},"end":{"line":51,"column":2}},"11":{"start":{"line":48,"column":2},"end":{"line":50,"column":3}},"12":{"start":{"line":49,"column":4},"end":{"line":49,"column":14}},"13":{"start":{"line":53,"column":0},"end":{"line":57,"column":2}},"14":{"start":{"line":54,"column":2},"end":{"line":56,"column":3}},"15":{"start":{"line":55,"column":4},"end":{"line":55,"column":18}}},"fnMap":{"0":{"name":"createWindow","decl":{"start":{"line":19,"column":9},"end":{"line":19,"column":21}},"loc":{"start":{"line":19,"column":25},"end":{"line":43,"column":1}},"line":19},"1":{"name":"(anonymous_1)","decl":{"start":{"line":40,"column":26},"end":{"line":40,"column":27}},"loc":{"start":{"line":40,"column":32},"end":{"line":42,"column":3}},"line":40},"2":{"name":"(anonymous_2)","decl":{"start":{"line":47,"column":28},"end":{"line":47,"column":29}},"loc":{"start":{"line":47,"column":34},"end":{"line":51,"column":1}},"line":47},"3":{"name":"(anonymous_3)","decl":{"start":{"line":53,"column":19},"end":{"line":53,"column":20}},"loc":{"start":{"line":53,"column":25},"end":{"line":57,"column":1}},"line":53}},"branchMap":{"0":{"loc":{"start":{"line":4,"column":2},"end":{"line":6,"column":3}},"type":"if","locations":[{"start":{"line":4,"column":2},"end":{"line":6,"column":3}},{"start":{"line":4,"column":2},"end":{"line":6,"column":3}}],"line":4},"1":{"loc":{"start":{"line":4,"column":6},"end":{"line":4,"column":78}},"type":"binary-expr","locations":[{"start":{"line":4,"column":6},"end":{"line":4,"column":34}},{"start":{"line":4,"column":38},"end":{"line":4,"column":78}}],"line":4},"2":{"loc":{"start":{"line":13,"column":0},"end":{"line":15,"column":1}},"type":"if","locations":[{"start":{"line":13,"column":0},"end":{"line":15,"column":1}},{"start":{"line":13,"column":0},"end":{"line":15,"column":1}}],"line":13},"3":{"loc":{"start":{"line":48,"column":2},"end":{"line":50,"column":3}},"type":"if","locations":[{"start":{"line":48,"column":2},"end":{"line":50,"column":3}},{"start":{"line":48,"column":2},"end":{"line":50,"column":3}}],"line":48},"4":{"loc":{"start":{"line":54,"column":2},"end":{"line":56,"column":3}},"type":"if","locations":[{"start":{"line":54,"column":2},"end":{"line":56,"column":3}},{"start":{"line":54,"column":2},"end":{"line":56,"column":3}}],"line":54}},"s":{"0":0,"1":0,"2":0,"3":0,"4":0,"5":0,"6":0,"7":0,"8":0,"9":0,"10":0,"11":0,"12":0,"13":0,"14":0,"15":0},"f":{"0":0,"1":0,"2":0,"3":0},"b":{"0":[0,0],"1":[0,0],"2":[0,0],"3":[0,0],"4":[0,0]},"hash":"72f010de9476c5fbb97d7099804146c5b7c460f9"}
,"/Users/narusas/work/hosts-manager/src/boot/axios.js": {"path":"/Users/narusas/work/hosts-manager/src/boot/axios.js","statementMap":{"0":{"start":{"line":4,"column":0},"end":{"line":4,"column":28}}},"fnMap":{},"branchMap":{},"s":{"0":0},"f":{},"b":{},"hash":"fd295e14b08572b2e722e3e6ec7729c3b254be02"}
,"/Users/narusas/work/hosts-manager/src/domain/SystemHosts.js": {"path":"/Users/narusas/work/hosts-manager/src/domain/SystemHosts.js","statementMap":{"0":{"start":{"line":1,"column":17},"end":{"line":5,"column":1}},"1":{"start":{"line":3,"column":4},"end":{"line":3,"column":23}}},"fnMap":{"0":{"name":"(anonymous_0)","decl":{"start":{"line":2,"column":2},"end":{"line":2,"column":3}},"loc":{"start":{"line":2,"column":12},"end":{"line":4,"column":3}},"line":2}},"branchMap":{},"s":{"0":0,"1":0},"f":{"0":0},"b":{},"hash":"a6b64781a502c1682a0db6ef52c76fa4530dc58a"}
,"/Users/narusas/work/hosts-manager/src/layouts/MainLayout.vue": {"path":"/Users/narusas/work/hosts-manager/src/layouts/MainLayout.vue","statementMap":{"0":{"start":{"line":32,"column":0},"end":{"line":32,"column":null}}},"fnMap":{"0":{"name":"(anonymous_1)","decl":{"start":{"line":31,"column":0},"end":{"line":31,"column":null}},"loc":{"start":{"line":31,"column":0},"end":{"line":35,"column":null}}}},"branchMap":{},"s":{"0":0},"f":{"0":0},"b":{}}
,"/Users/narusas/work/hosts-manager/src/router/index.js": {"path":"/Users/narusas/work/hosts-manager/src/router/index.js","statementMap":{"0":{"start":{"line":6,"column":0},"end":{"line":6,"column":18}},"1":{"start":{"line":18,"column":17},"end":{"line":27,"column":4}},"2":{"start":{"line":19,"column":27},"end":{"line":19,"column":41}},"3":{"start":{"line":29,"column":2},"end":{"line":29,"column":15}}},"fnMap":{"0":{"name":"(anonymous_0)","decl":{"start":{"line":17,"column":15},"end":{"line":17,"column":16}},"loc":{"start":{"line":17,"column":54},"end":{"line":30,"column":1}},"line":17},"1":{"name":"(anonymous_1)","decl":{"start":{"line":19,"column":20},"end":{"line":19,"column":21}},"loc":{"start":{"line":19,"column":27},"end":{"line":19,"column":41}},"line":19}},"branchMap":{},"s":{"0":0,"1":0,"2":0,"3":0},"f":{"0":0,"1":0},"b":{},"hash":"bc7439d834f19964a2d8d463cb329d65ebfb0144"}
,"/Users/narusas/work/hosts-manager/src/router/routes.js": {"path":"/Users/narusas/work/hosts-manager/src/router/routes.js","statementMap":{"0":{"start":{"line":2,"column":15},"end":{"line":17,"column":1}},"1":{"start":{"line":5,"column":21},"end":{"line":5,"column":53}},"2":{"start":{"line":7,"column":35},"end":{"line":7,"column":60}},"3":{"start":{"line":15,"column":21},"end":{"line":15,"column":49}}},"fnMap":{"0":{"name":"(anonymous_0)","decl":{"start":{"line":5,"column":15},"end":{"line":5,"column":16}},"loc":{"start":{"line":5,"column":21},"end":{"line":5,"column":53}},"line":5},"1":{"name":"(anonymous_1)","decl":{"start":{"line":7,"column":29},"end":{"line":7,"column":30}},"loc":{"start":{"line":7,"column":35},"end":{"line":7,"column":60}},"line":7},"2":{"name":"(anonymous_2)","decl":{"start":{"line":15,"column":15},"end":{"line":15,"column":16}},"loc":{"start":{"line":15,"column":21},"end":{"line":15,"column":49}},"line":15}},"branchMap":{},"s":{"0":0,"1":0,"2":0,"3":0},"f":{"0":0,"1":0,"2":0},"b":{},"hash":"497798bb0f18271a6126df5824ddb89d58dd0733"}
,"/Users/narusas/work/hosts-manager/src/store/index.js": {"path":"/Users/narusas/work/hosts-manager/src/store/index.js","statementMap":{"0":{"start":{"line":6,"column":0},"end":{"line":6,"column":13}},"1":{"start":{"line":18,"column":16},"end":{"line":26,"column":4}},"2":{"start":{"line":28,"column":2},"end":{"line":28,"column":14}}},"fnMap":{"0":{"name":"(anonymous_0)","decl":{"start":{"line":17,"column":15},"end":{"line":17,"column":16}},"loc":{"start":{"line":17,"column":47},"end":{"line":29,"column":1}},"line":17}},"branchMap":{},"s":{"0":0,"1":0,"2":0},"f":{"0":0},"b":{},"hash":"4f873ea7d0549e3648f49158bdcd502956abe968"}
,"/Users/narusas/work/hosts-manager/src/store/hosts-module/actions.js": {"path":"/Users/narusas/work/hosts-manager/src/store/hosts-module/actions.js","statementMap":{},"fnMap":{"0":{"name":"someAction","decl":{"start":{"line":1,"column":16},"end":{"line":1,"column":26}},"loc":{"start":{"line":1,"column":43},"end":{"line":2,"column":1}},"line":1}},"branchMap":{},"s":{},"f":{"0":0},"b":{},"hash":"3ac285b5327ab3752e8c8dd963ba8aacbf845559"}
,"/Users/narusas/work/hosts-manager/src/store/hosts-module/getters.js": {"path":"/Users/narusas/work/hosts-manager/src/store/hosts-module/getters.js","statementMap":{},"fnMap":{"0":{"name":"someGetter","decl":{"start":{"line":1,"column":16},"end":{"line":1,"column":26}},"loc":{"start":{"line":1,"column":41},"end":{"line":2,"column":1}},"line":1}},"branchMap":{},"s":{},"f":{"0":0},"b":{},"hash":"2d25ad00908077df587a29de1f2e290ce2f4d3b8"}
,"/Users/narusas/work/hosts-manager/src/store/hosts-module/index.js": {"path":"/Users/narusas/work/hosts-manager/src/store/hosts-module/index.js","statementMap":{},"fnMap":{},"branchMap":{},"s":{},"f":{},"b":{},"hash":"6438bc349209bd7470a244fc4fb1ef28c05dade0"}
,"/Users/narusas/work/hosts-manager/src/store/hosts-module/mutations.js": {"path":"/Users/narusas/work/hosts-manager/src/store/hosts-module/mutations.js","statementMap":{},"fnMap":{"0":{"name":"someMutation","decl":{"start":{"line":1,"column":16},"end":{"line":1,"column":28}},"loc":{"start":{"line":1,"column":43},"end":{"line":2,"column":1}},"line":1}},"branchMap":{},"s":{},"f":{"0":0},"b":{},"hash":"05eddc986e2cd97934250d83c710adb113cd30f4"}
,"/Users/narusas/work/hosts-manager/src/store/hosts-module/state.js": {"path":"/Users/narusas/work/hosts-manager/src/store/hosts-module/state.js","statementMap":{"0":{"start":{"line":2,"column":2},"end":{"line":16,"column":3}}},"fnMap":{"0":{"name":"(anonymous_0)","decl":{"start":{"line":1,"column":15},"end":{"line":1,"column":16}},"loc":{"start":{"line":1,"column":27},"end":{"line":17,"column":1}},"line":1}},"branchMap":{},"s":{"0":0},"f":{"0":0},"b":{},"hash":"f79cc479f039d094808de021dd63b40a4f810e81"}
}
